<?xml version="1.0" encoding="UTF-8"?>
<!-- Generated by org.testng.reporters.JUnitReportReporter -->
<testsuite skipped="0" hostname="DESKTOP-ELDI3KJ" name="unisadventures.se_project.presenter.launcher.GameTest" tests="1" failures="0" timestamp="2019-12-16T15:42:54 CET" time="0.001" errors="0">
  <testcase name="testCreation" time="0.001" classname="unisadventures.se_project.presenter.launcher.GameTest"/>
</testsuite> <!-- unisadventures.se_project.presenter.launcher.GameTest -->
