<?xml version="1.0" encoding="UTF-8"?>
<!-- Generated by org.testng.reporters.JUnitReportReporter -->
<testsuite hostname="YaHimarNew" failures="0" tests="2" name="unisadventures.se_project.model.basicObjects.CollectibleItemTest" time="0.012" errors="0" timestamp="2020-01-07T16:00:14 CET" skipped="0">
  <testcase classname="unisadventures.se_project.model.basicObjects.CollectibleItemTest" name="testGetNextImageFileName" time="0.001"/>
  <testcase classname="unisadventures.se_project.model.basicObjects.CollectibleItemTest" name="testGetCollectibleType" time="0.011"/>
</testsuite> <!-- unisadventures.se_project.model.basicObjects.CollectibleItemTest -->
