<?xml version="1.0" encoding="UTF-8"?>
<!-- Generated by org.testng.reporters.JUnitReportReporter -->
<testsuite skipped="0" hostname="DESKTOP-ELDI3KJ" name="unisadventures.se_project.presenter.input.KeyManagerTest" tests="2" failures="0" timestamp="2019-12-16T17:00:48 CET" time="0.001" errors="0">
  <testcase name="testTick" time="0.000" classname="unisadventures.se_project.presenter.input.KeyManagerTest"/>
  <testcase name="testCreation" time="0.001" classname="unisadventures.se_project.presenter.input.KeyManagerTest"/>
</testsuite> <!-- unisadventures.se_project.presenter.input.KeyManagerTest -->
