<?xml version="1.0" encoding="UTF-8"?>
<!-- Generated by org.testng.reporters.JUnitReportReporter -->
<testsuite skipped="0" hostname="DESKTOP-ELDI3KJ" name="unisadventures.se_project.model.basicObjects.DestructibleObjectTest" tests="2" failures="0" timestamp="2019-12-16T17:00:47 CET" time="0.003" errors="0">
  <testcase name="testGetIntactImageFileName" time="0.003" classname="unisadventures.se_project.model.basicObjects.DestructibleObjectTest"/>
  <testcase name="testGetNextDestructionImageFileName" time="0.000" classname="unisadventures.se_project.model.basicObjects.DestructibleObjectTest"/>
</testsuite> <!-- unisadventures.se_project.model.basicObjects.DestructibleObjectTest -->
