<?xml version="1.0" encoding="UTF-8"?>
<!-- Generated by org.testng.reporters.JUnitReportReporter -->
<testsuite hostname="YaHimarNew" failures="0" tests="1" name="unisadventures.se_project.model.character.actionCommands.IdleCommandTest" time="0.010" errors="0" timestamp="2020-01-08T14:55:57 CET" skipped="0">
  <testcase classname="unisadventures.se_project.model.character.actionCommands.IdleCommandTest" name="testIdle" time="0.010"/>
</testsuite> <!-- unisadventures.se_project.model.character.actionCommands.IdleCommandTest -->
