<?xml version="1.0" encoding="UTF-8"?>
<!-- Generated by org.testng.reporters.JUnitReportReporter -->
<testsuite skipped="0" hostname="DESKTOP-ELDI3KJ" name="unisadventures.se_project.view.gfx.ImageLoaderTest" tests="1" failures="0" timestamp="2019-12-16T17:00:48 CET" time="2.755" errors="0">
  <testcase name="testLoadImage" time="2.755" classname="unisadventures.se_project.view.gfx.ImageLoaderTest"/>
</testsuite> <!-- unisadventures.se_project.view.gfx.ImageLoaderTest -->
