<?xml version="1.0" encoding="UTF-8"?>
<!-- Generated by org.testng.reporters.JUnitReportReporter -->
<testsuite skipped="0" hostname="DESKTOP-ELDI3KJ" name="unisadventures.se_project.model.character.actionCommands.HitCommandTest" tests="1" failures="0" timestamp="2019-12-16T15:42:54 CET" time="0.000" errors="0">
  <testcase name="testHit" time="0.000" classname="unisadventures.se_project.model.character.actionCommands.HitCommandTest"/>
</testsuite> <!-- unisadventures.se_project.model.character.actionCommands.HitCommandTest -->
