<?xml version="1.0" encoding="UTF-8"?>
<!-- Generated by org.testng.reporters.JUnitReportReporter -->
<testsuite skipped="0" hostname="DESKTOP-ELDI3KJ" name="unisadventures.se_project.presenter.launcher.FrameClockTest" tests="3" failures="0" timestamp="2019-12-16T15:42:54 CET" time="0.000" errors="0">
  <testcase name="testRegisterObserver" time="0.000" classname="unisadventures.se_project.presenter.launcher.FrameClockTest"/>
  <testcase name="testUnregisterObserver" time="0.000" classname="unisadventures.se_project.presenter.launcher.FrameClockTest"/>
  <testcase name="testRun" time="0.000" classname="unisadventures.se_project.presenter.launcher.FrameClockTest"/>
</testsuite> <!-- unisadventures.se_project.presenter.launcher.FrameClockTest -->
