<?xml version="1.0" encoding="UTF-8"?>
<!-- Generated by org.testng.reporters.JUnitReportReporter -->
<testsuite hostname="YaHimarNew" failures="0" tests="1" name="unisadventures.se_project.model.character.actionCommands.MoveCommandTest" time="0.007" errors="0" timestamp="2020-01-08T14:56:04 CET" skipped="0">
  <testcase classname="unisadventures.se_project.model.character.actionCommands.MoveCommandTest" name="testCreaction" time="0.007"/>
</testsuite> <!-- unisadventures.se_project.model.character.actionCommands.MoveCommandTest -->
