<?xml version="1.0" encoding="UTF-8"?>
<!-- Generated by org.testng.reporters.JUnitReportReporter -->
<testsuite skipped="0" hostname="DESKTOP-ELDI3KJ" name="unisadventures.se_project.model.character.ZombieEnemyTest" tests="1" failures="0" timestamp="2019-12-16T17:00:47 CET" time="0.002" errors="0">
  <testcase name="moveTest" time="0.002" classname="unisadventures.se_project.model.character.ZombieEnemyTest"/>
</testsuite> <!-- unisadventures.se_project.model.character.ZombieEnemyTest -->
